{"C:\\3 kurs\\project-management\\src\\App.vue": {"path":"C:\\3 kurs\\project-management\\src\\App.vue","statementMap":{"0":{"start":{"line":6,"column":2},"end":{"line":6,"column":null}}},"fnMap":{},"branchMap":{},"s":{"0":0},"f":{},"b":{},"meta":{"lastBranch":0,"lastFunction":0,"lastStatement":1,"seen":{"s:6:2:6:Infinity":0}}}
,"C:\\3 kurs\\project-management\\src\\components\\HelloWorld.vue": {"path":"C:\\3 kurs\\project-management\\src\\components\\HelloWorld.vue","statementMap":{"0":{"start":{"line":7,"column":13},"end":{"line":7,"column":null}},"1":{"start":{"line":31,"column":13},"end":{"line":31,"column":49}},"2":{"start":{"line":52,"column":13},"end":{"line":52,"column":42}},"3":{"start":{"line":60,"column":19},"end":{"line":60,"column":48}},"4":{"start":{"line":68,"column":19},"end":{"line":68,"column":49}},"5":{"start":{"line":76,"column":19},"end":{"line":76,"column":43}},"6":{"start":{"line":84,"column":19},"end":{"line":84,"column":49}},"7":{"start":{"line":11,"column":11},"end":{"line":11,"column":null}},"8":{"start":{"line":12,"column":9},"end":{"line":12,"column":null}},"9":{"start":{"line":28,"column":11},"end":{"line":28,"column":null}},"10":{"start":{"line":29,"column":9},"end":{"line":29,"column":null}},"11":{"start":{"line":21,"column":50},"end":{"line":21,"column":59}}},"fnMap":{"0":{"name":"(anonymous_0)","decl":{"start":{"line":21,"column":48},"end":{"line":21,"column":50}},"loc":{"start":{"line":21,"column":50},"end":{"line":21,"column":59}},"line":21}},"branchMap":{"0":{"loc":{"start":{"line":17,"column":4},"end":{"line":19,"column":72}},"type":"binary-expr","locations":[{"start":{"line":17,"column":4},"end":{"line":17,"column":null}},{"start":{"line":17,"column":4},"end":{"line":19,"column":72}}],"line":17},"1":{"loc":{"start":{"line":21,"column":48},"end":{"line":21,"column":59}},"type":"binary-expr","locations":[{"start":{"line":21,"column":48},"end":{"line":21,"column":50}},{"start":{"line":21,"column":48},"end":{"line":21,"column":59}}],"line":21},"2":{"loc":{"start":{"line":26,"column":2},"end":{"line":26,"column":27}},"type":"binary-expr","locations":[{"start":{"line":26,"column":2},"end":{"line":26,"column":7}},{"start":{"line":26,"column":2},"end":{"line":26,"column":27}}],"line":26},"3":{"loc":{"start":{"line":30,"column":6},"end":{"line":31,"column":56}},"type":"binary-expr","locations":[{"start":{"line":30,"column":6},"end":{"line":30,"column":11}},{"start":{"line":30,"column":6},"end":{"line":31,"column":56}}],"line":30},"4":{"loc":{"start":{"line":33,"column":6},"end":{"line":33,"column":28}},"type":"binary-expr","locations":[{"start":{"line":33,"column":6},"end":{"line":33,"column":10}},{"start":{"line":33,"column":6},"end":{"line":33,"column":28}}],"line":33},"5":{"loc":{"start":{"line":34,"column":6},"end":{"line":34,"column":37}},"type":"binary-expr","locations":[{"start":{"line":34,"column":6},"end":{"line":34,"column":9}},{"start":{"line":34,"column":6},"end":{"line":34,"column":37}}],"line":34},"6":{"loc":{"start":{"line":38,"column":55},"end":{"line":40,"column":14}},"type":"binary-expr","locations":[{"start":{"line":38,"column":55},"end":{"line":38,"column":null}},{"start":{"line":38,"column":55},"end":{"line":40,"column":14}}],"line":38},"7":{"loc":{"start":{"line":44,"column":61},"end":{"line":46,"column":14}},"type":"binary-expr","locations":[{"start":{"line":44,"column":61},"end":{"line":44,"column":null}},{"start":{"line":44,"column":61},"end":{"line":46,"column":14}}],"line":44},"8":{"loc":{"start":{"line":50,"column":4},"end":{"line":87,"column":14}},"type":"binary-expr","locations":[{"start":{"line":50,"column":4},"end":{"line":50,"column":9}},{"start":{"line":50,"column":4},"end":{"line":87,"column":14}}],"line":50},"9":{"loc":{"start":{"line":93,"column":2},"end":{"line":93,"column":27}},"type":"binary-expr","locations":[{"start":{"line":93,"column":2},"end":{"line":93,"column":7}},{"start":{"line":93,"column":2},"end":{"line":93,"column":27}}],"line":93},"10":{"loc":{"start":{"line":94,"column":2},"end":{"line":94,"column":33}},"type":"binary-expr","locations":[{"start":{"line":94,"column":2},"end":{"line":94,"column":11}},{"start":{"line":94,"column":2},"end":{"line":94,"column":33}}],"line":94}},"s":{"0":0,"1":0,"2":0,"3":0,"4":0,"5":0,"6":0,"7":0,"8":0,"9":0,"10":0,"11":0},"f":{"0":0},"b":{"0":[0,0],"1":[0,0],"2":[0,0],"3":[0,0],"4":[0,0],"5":[0,0],"6":[0,0],"7":[0,0],"8":[0,0],"9":[0,0],"10":[0,0]},"meta":{"lastBranch":11,"lastFunction":1,"lastStatement":12,"seen":{"s:7:13:7:Infinity":0,"s:31:13:31:49":1,"s:52:13:52:42":2,"s:60:19:60:48":3,"s:68:19:68:49":4,"s:76:19:76:43":5,"s:84:19:84:49":6,"s:11:11:11:Infinity":7,"s:12:9:12:Infinity":8,"s:28:11:28:Infinity":9,"s:29:9:29:Infinity":10,"b:17:4:17:Infinity:17:4:19:72":0,"b:21:48:21:50:21:48:21:59":1,"f:21:48:21:50":0,"s:21:50:21:59":11,"b:26:2:26:7:26:2:26:27":2,"b:30:6:30:11:30:6:31:56":3,"b:33:6:33:10:33:6:33:28":4,"b:34:6:34:9:34:6:34:37":5,"b:38:55:38:Infinity:38:55:40:14":6,"b:44:61:44:Infinity:44:61:46:14":7,"b:50:4:50:9:50:4:87:14":8,"b:93:2:93:7:93:2:93:27":9,"b:94:2:94:11:94:2:94:33":10}}}
,"C:\\3 kurs\\project-management\\src\\components\\TaskManager.vue": {"path":"C:\\3 kurs\\project-management\\src\\components\\TaskManager.vue","statementMap":{"0":{"start":{"line":5,"column":78},"end":{"line":5,"column":null}},"1":{"start":{"line":7,"column":19},"end":{"line":7,"column":null}},"2":{"start":{"line":8,"column":20},"end":{"line":8,"column":null}},"3":{"start":{"line":10,"column":16},"end":{"line":10,"column":null}},"4":{"start":{"line":11,"column":21},"end":{"line":11,"column":null}},"5":{"start":{"line":14,"column":2},"end":{"line":16,"column":null}},"6":{"start":{"line":15,"column":4},"end":{"line":15,"column":null}},"7":{"start":{"line":20,"column":2},"end":{"line":20,"column":null}},"8":{"start":{"line":20,"column":25},"end":{"line":20,"column":null}},"9":{"start":{"line":25,"column":7},"end":{"line":25,"column":null}},"10":{"start":{"line":26,"column":9},"end":{"line":26,"column":null}},"11":{"start":{"line":28,"column":14},"end":{"line":28,"column":null}},"12":{"start":{"line":29,"column":13},"end":{"line":29,"column":null}},"13":{"start":{"line":33,"column":15},"end":{"line":33,"column":null}},"14":{"start":{"line":34,"column":20},"end":{"line":34,"column":43}},"15":{"start":{"line":42,"column":11},"end":{"line":42,"column":null}},"16":{"start":{"line":62,"column":11},"end":{"line":62,"column":null}},"17":{"start":{"line":82,"column":19},"end":{"line":82,"column":null}},"18":{"start":{"line":110,"column":15},"end":{"line":110,"column":null}},"19":{"start":{"line":124,"column":14},"end":{"line":124,"column":null}},"20":{"start":{"line":125,"column":14},"end":{"line":125,"column":34}},"21":{"start":{"line":25,"column":2},"end":{"line":132,"column":17}},"22":{"start":{"line":45,"column":19},"end":{"line":45,"column":null}},"23":{"start":{"line":63,"column":8},"end":{"line":69,"column":null}},"24":{"start":{"line":66,"column":18},"end":{"line":66,"column":39}},"25":{"start":{"line":77,"column":55},"end":{"line":104,"column":21}},"26":{"start":{"line":76,"column":10},"end":{"line":104,"column":21}},"27":{"start":{"line":87,"column":25},"end":{"line":87,"column":null}},"28":{"start":{"line":99,"column":22},"end":{"line":99,"column":null}},"29":{"start":{"line":128,"column":18},"end":{"line":128,"column":null}},"30":{"start":{"line":128,"column":58},"end":{"line":128,"column":null}}},"fnMap":{"0":{"name":"handleAddTask","decl":{"start":{"line":13,"column":9},"end":{"line":13,"column":22}},"loc":{"start":{"line":13,"column":25},"end":{"line":17,"column":null}},"line":13},"1":{"name":"handleKeyDown","decl":{"start":{"line":19,"column":9},"end":{"line":19,"column":22}},"loc":{"start":{"line":19,"column":26},"end":{"line":21,"column":null}},"line":19},"2":{"name":"(anonymous_2)","decl":{"start":{"line":45,"column":19},"end":{"line":45,"column":30}},"loc":{"start":{"line":45,"column":19},"end":{"line":45,"column":null}},"line":45},"3":{"name":"(anonymous_3)","decl":{"start":{"line":64,"column":34},"end":{"line":64,"column":null}},"loc":{"start":{"line":64,"column":23},"end":{"line":69,"column":null}},"line":64},"4":{"name":"(anonymous_4)","decl":{"start":{"line":66,"column":16},"end":{"line":66,"column":18}},"loc":{"start":{"line":66,"column":18},"end":{"line":66,"column":39}},"line":66},"5":{"name":"(anonymous_5)","decl":{"start":{"line":77,"column":12},"end":{"line":77,"column":19}},"loc":{"start":{"line":77,"column":55},"end":{"line":104,"column":21}},"line":77},"6":{"name":"(anonymous_6)","decl":{"start":{"line":77,"column":53},"end":{"line":77,"column":55}},"loc":{"start":{"line":77,"column":23},"end":{"line":104,"column":21}},"line":77},"7":{"name":"(anonymous_7)","decl":{"start":{"line":87,"column":23},"end":{"line":87,"column":25}},"loc":{"start":{"line":87,"column":25},"end":{"line":87,"column":null}},"line":87},"8":{"name":"(anonymous_8)","decl":{"start":{"line":99,"column":20},"end":{"line":99,"column":22}},"loc":{"start":{"line":99,"column":22},"end":{"line":99,"column":null}},"line":99},"9":{"name":"(anonymous_9)","decl":{"start":{"line":128,"column":16},"end":{"line":128,"column":18}},"loc":{"start":{"line":128,"column":18},"end":{"line":128,"column":null}},"line":128},"10":{"name":"(anonymous_10)","decl":{"start":{"line":128,"column":53},"end":{"line":128,"column":54}},"loc":{"start":{"line":128,"column":58},"end":{"line":128,"column":null}},"line":128}},"branchMap":{"0":{"loc":{"start":{"line":14,"column":2},"end":{"line":16,"column":null}},"type":"if","locations":[{"start":{"line":14,"column":2},"end":{"line":16,"column":null}},{"start":{},"end":{}}],"line":14},"1":{"loc":{"start":{"line":20,"column":2},"end":{"line":20,"column":null}},"type":"if","locations":[{"start":{"line":20,"column":2},"end":{"line":20,"column":null}},{"start":{},"end":{}}],"line":20},"2":{"loc":{"start":{"line":30,"column":10},"end":{"line":30,"column":35}},"type":"binary-expr","locations":[{"start":{"line":30,"column":10},"end":{"line":30,"column":15}},{"start":{"line":30,"column":10},"end":{"line":30,"column":35}}],"line":30},"3":{"loc":{"start":{"line":32,"column":12},"end":{"line":32,"column":51}},"type":"binary-expr","locations":[{"start":{"line":32,"column":12},"end":{"line":32,"column":16}},{"start":{"line":32,"column":12},"end":{"line":32,"column":51}}],"line":32},"4":{"loc":{"start":{"line":35,"column":17},"end":{"line":35,"column":62}},"type":"cond-expr","locations":[{"start":{"line":35,"column":28},"end":{"line":35,"column":62}},{"start":{"line":35,"column":28},"end":{"line":35,"column":62}}],"line":35},"5":{"loc":{"start":{"line":45,"column":19},"end":{"line":45,"column":null}},"type":"binary-expr","locations":[{"start":{"line":45,"column":19},"end":{"line":45,"column":30}},{"start":{"line":45,"column":19},"end":{"line":45,"column":null}}],"line":45},"6":{"loc":{"start":{"line":90,"column":14},"end":{"line":90,"column":45}},"type":"binary-expr","locations":[{"start":{"line":90,"column":14},"end":{"line":90,"column":20}},{"start":{"line":90,"column":14},"end":{"line":90,"column":45}}],"line":90},"7":{"loc":{"start":{"line":109,"column":18},"end":{"line":114,"column":null}},"type":"cond-expr","locations":[{"start":{"line":109,"column":8},"end":{"line":114,"column":null}}],"line":109},"8":{"loc":{"start":{"line":111,"column":15},"end":{"line":111,"column":null}},"type":"cond-expr","locations":[{"start":{"line":111,"column":27},"end":{"line":111,"column":53}},{"start":{"line":111,"column":53},"end":{"line":111,"column":null}}],"line":111},"9":{"loc":{"start":{"line":111,"column":53},"end":{"line":111,"column":null}},"type":"cond-expr","locations":[{"start":{"line":111,"column":65},"end":{"line":111,"column":null}},{"start":{"line":111,"column":65},"end":{"line":111,"column":null}}],"line":111},"10":{"loc":{"start":{"line":114,"column":15},"end":{"line":114,"column":null}},"type":"cond-expr","locations":[{"start":{"line":114,"column":105},"end":{"line":114,"column":null}}],"line":114},"11":{"loc":{"start":{"line":127,"column":16},"end":{"line":132,"column":17}},"type":"cond-expr","locations":[{"start":{"line":126,"column":8},"end":{"line":132,"column":17}}],"line":127},"12":{"loc":{"start":{"line":128,"column":16},"end":{"line":128,"column":null}},"type":"binary-expr","locations":[{"start":{"line":128,"column":16},"end":{"line":128,"column":18}},{"start":{"line":128,"column":16},"end":{"line":128,"column":null}}],"line":128}},"s":{"0":0,"1":0,"2":0,"3":0,"4":0,"5":0,"6":0,"7":0,"8":0,"9":0,"10":0,"11":0,"12":0,"13":0,"14":0,"15":0,"16":0,"17":0,"18":0,"19":0,"20":0,"21":0,"22":0,"23":0,"24":0,"25":0,"26":0,"27":0,"28":0,"29":0,"30":0},"f":{"0":0,"1":0,"2":0,"3":0,"4":0,"5":0,"6":0,"7":0,"8":0,"9":0,"10":0},"b":{"0":[0,0],"1":[0,0],"2":[0,0],"3":[0,0],"4":[0,0],"5":[0,0],"6":[0,0],"7":[0],"8":[0,0],"9":[0,0],"10":[0],"11":[0],"12":[0,0]},"meta":{"lastBranch":13,"lastFunction":11,"lastStatement":31,"seen":{"s:5:78:5:Infinity":0,"s:7:19:7:Infinity":1,"s:8:20:8:Infinity":2,"s:10:16:10:Infinity":3,"s:11:21:11:Infinity":4,"f:13:9:13:22":0,"b:14:2:16:Infinity:undefined:undefined:undefined:undefined":0,"s:14:2:16:Infinity":5,"s:15:4:15:Infinity":6,"f:19:9:19:22":1,"b:20:2:20:Infinity:undefined:undefined:undefined:undefined":1,"s:20:2:20:Infinity":7,"s:20:25:20:Infinity":8,"s:25:7:25:Infinity":9,"s:26:9:26:Infinity":10,"s:28:14:28:Infinity":11,"s:29:13:29:Infinity":12,"s:33:15:33:Infinity":13,"s:34:20:34:43":14,"s:42:11:42:Infinity":15,"s:62:11:62:Infinity":16,"s:82:19:82:Infinity":17,"s:110:15:110:Infinity":18,"s:124:14:124:Infinity":19,"s:125:14:125:34":20,"s:25:2:132:17":21,"b:30:10:30:15:30:10:30:35":2,"b:32:12:32:16:32:12:32:51":3,"b:35:28:35:62:35:28:35:62":4,"b:45:19:45:30:45:19:45:Infinity":5,"f:45:19:45:30":2,"s:45:19:45:Infinity":22,"f:64:34:64:Infinity":3,"s:63:8:69:Infinity":23,"f:66:16:66:18":4,"s:66:18:66:39":24,"f:77:12:77:19":5,"s:77:55:104:21":25,"f:77:53:77:55":6,"s:76:10:104:21":26,"f:87:23:87:25":7,"s:87:25:87:Infinity":27,"b:90:14:90:20:90:14:90:45":6,"f:99:20:99:22":8,"s:99:22:99:Infinity":28,"b:109:8:114:Infinity":7,"b:111:27:111:53:111:53:111:Infinity":8,"b:111:65:111:Infinity:111:65:111:Infinity":9,"b:114:105:114:Infinity":10,"b:126:8:132:17":11,"b:128:16:128:18:128:16:128:Infinity":12,"f:128:16:128:18":9,"s:128:18:128:Infinity":29,"f:128:53:128:54":10,"s:128:58:128:Infinity":30}}}
,"C:\\3 kurs\\project-management\\src\\composables\\useTaskManager.js": {"path":"C:\\3 kurs\\project-management\\src\\composables\\useTaskManager.js","statementMap":{"0":{"start":{"line":8,"column":15},"end":{"line":8,"column":null}},"1":{"start":{"line":9,"column":15},"end":{"line":9,"column":null}},"2":{"start":{"line":17,"column":20},"end":{"line":17,"column":null}},"3":{"start":{"line":18,"column":4},"end":{"line":18,"column":null}},"4":{"start":{"line":18,"column":18},"end":{"line":18,"column":null}},"5":{"start":{"line":20,"column":4},"end":{"line":25,"column":null}},"6":{"start":{"line":26,"column":4},"end":{"line":26,"column":null}},"7":{"start":{"line":34,"column":4},"end":{"line":34,"column":null}},"8":{"start":{"line":34,"column":45},"end":{"line":34,"column":59}},"9":{"start":{"line":42,"column":17},"end":{"line":42,"column":null}},"10":{"start":{"line":42,"column":42},"end":{"line":42,"column":56}},"11":{"start":{"line":43,"column":4},"end":{"line":43,"column":null}},"12":{"start":{"line":43,"column":14},"end":{"line":43,"column":null}},"13":{"start":{"line":52,"column":4},"end":{"line":52,"column":null}},"14":{"start":{"line":52,"column":29},"end":{"line":52,"column":null}},"15":{"start":{"line":52,"column":60},"end":{"line":52,"column":72}},"16":{"start":{"line":53,"column":4},"end":{"line":53,"column":null}},"17":{"start":{"line":53,"column":32},"end":{"line":53,"column":null}},"18":{"start":{"line":53,"column":63},"end":{"line":53,"column":74}},"19":{"start":{"line":54,"column":4},"end":{"line":54,"column":null}},"20":{"start":{"line":58,"column":21},"end":{"line":58,"column":null}},"21":{"start":{"line":58,"column":37},"end":{"line":58,"column":81}},"22":{"start":{"line":58,"column":61},"end":{"line":58,"column":73}},"23":{"start":{"line":60,"column":2},"end":{"line":60,"column":null}}},"fnMap":{"0":{"name":"useTaskManager","decl":{"start":{"line":7,"column":16},"end":{"line":7,"column":30}},"loc":{"start":{"line":7,"column":33},"end":{"line":61,"column":null}},"line":7},"1":{"name":"addTask","decl":{"start":{"line":16,"column":11},"end":{"line":16,"column":18}},"loc":{"start":{"line":16,"column":25},"end":{"line":27,"column":null}},"line":16},"2":{"name":"removeTask","decl":{"start":{"line":33,"column":11},"end":{"line":33,"column":21}},"loc":{"start":{"line":33,"column":26},"end":{"line":35,"column":null}},"line":33},"3":{"name":"(anonymous_3)","decl":{"start":{"line":34,"column":37},"end":{"line":34,"column":41}},"loc":{"start":{"line":34,"column":45},"end":{"line":34,"column":59}},"line":34},"4":{"name":"toggleTask","decl":{"start":{"line":41,"column":11},"end":{"line":41,"column":21}},"loc":{"start":{"line":41,"column":26},"end":{"line":44,"column":null}},"line":41},"5":{"name":"(anonymous_5)","decl":{"start":{"line":42,"column":34},"end":{"line":42,"column":38}},"loc":{"start":{"line":42,"column":42},"end":{"line":42,"column":56}},"line":42},"6":{"name":"filteredTasks","decl":{"start":{"line":51,"column":11},"end":{"line":51,"column":24}},"loc":{"start":{"line":51,"column":33},"end":{"line":55,"column":null}},"line":51},"7":{"name":"(anonymous_7)","decl":{"start":{"line":52,"column":55},"end":{"line":52,"column":56}},"loc":{"start":{"line":52,"column":60},"end":{"line":52,"column":72}},"line":52},"8":{"name":"(anonymous_8)","decl":{"start":{"line":53,"column":58},"end":{"line":53,"column":59}},"loc":{"start":{"line":53,"column":63},"end":{"line":53,"column":74}},"line":53},"9":{"name":"(anonymous_9)","decl":{"start":{"line":58,"column":31},"end":{"line":58,"column":32}},"loc":{"start":{"line":58,"column":37},"end":{"line":58,"column":81}},"line":58},"10":{"name":"(anonymous_10)","decl":{"start":{"line":58,"column":56},"end":{"line":58,"column":57}},"loc":{"start":{"line":58,"column":61},"end":{"line":58,"column":73}},"line":58}},"branchMap":{"0":{"loc":{"start":{"line":18,"column":4},"end":{"line":18,"column":null}},"type":"if","locations":[{"start":{"line":18,"column":4},"end":{"line":18,"column":null}},{"start":{},"end":{}}],"line":18},"1":{"loc":{"start":{"line":43,"column":4},"end":{"line":43,"column":null}},"type":"if","locations":[{"start":{"line":43,"column":4},"end":{"line":43,"column":null}},{"start":{},"end":{}}],"line":43},"2":{"loc":{"start":{"line":52,"column":4},"end":{"line":52,"column":null}},"type":"if","locations":[{"start":{"line":52,"column":4},"end":{"line":52,"column":null}},{"start":{},"end":{}}],"line":52},"3":{"loc":{"start":{"line":53,"column":4},"end":{"line":53,"column":null}},"type":"if","locations":[{"start":{"line":53,"column":4},"end":{"line":53,"column":null}},{"start":{},"end":{}}],"line":53}},"s":{"0":9,"1":9,"2":15,"3":15,"4":3,"5":12,"6":12,"7":1,"8":2,"9":6,"10":9,"11":6,"12":6,"13":2,"14":1,"15":2,"16":1,"17":1,"18":2,"19":0,"20":9,"21":3,"22":6,"23":9},"f":{"0":9,"1":15,"2":1,"3":2,"4":6,"5":9,"6":2,"7":2,"8":2,"9":3,"10":6},"b":{"0":[3,12],"1":[6,0],"2":[1,1],"3":[1,0]},"meta":{"lastBranch":4,"lastFunction":11,"lastStatement":24,"seen":{"f:7:16:7:30":0,"s:8:15:8:Infinity":0,"s:9:15:9:Infinity":1,"f:16:11:16:18":1,"s:17:20:17:Infinity":2,"b:18:4:18:Infinity:undefined:undefined:undefined:undefined":0,"s:18:4:18:Infinity":3,"s:18:18:18:Infinity":4,"s:20:4:25:Infinity":5,"s:26:4:26:Infinity":6,"f:33:11:33:21":2,"s:34:4:34:Infinity":7,"f:34:37:34:41":3,"s:34:45:34:59":8,"f:41:11:41:21":4,"s:42:17:42:Infinity":9,"f:42:34:42:38":5,"s:42:42:42:56":10,"b:43:4:43:Infinity:undefined:undefined:undefined:undefined":1,"s:43:4:43:Infinity":11,"s:43:14:43:Infinity":12,"f:51:11:51:24":6,"b:52:4:52:Infinity:undefined:undefined:undefined:undefined":2,"s:52:4:52:Infinity":13,"s:52:29:52:Infinity":14,"f:52:55:52:56":7,"s:52:60:52:72":15,"b:53:4:53:Infinity:undefined:undefined:undefined:undefined":3,"s:53:4:53:Infinity":16,"s:53:32:53:Infinity":17,"f:53:58:53:59":8,"s:53:63:53:74":18,"s:54:4:54:Infinity":19,"s:58:21:58:Infinity":20,"f:58:31:58:32":9,"s:58:37:58:81":21,"f:58:56:58:57":10,"s:58:61:58:73":22,"s:60:2:60:Infinity":23}}}
}
